<?xml version='1.0' encoding='UTF-8' ?>
<testsuite name="it.omarkiarafederico.skitracker.MyTest" tests="1" failures="0" errors="0" skipped="0" time="3.576" timestamp="2023-05-30T20:40:58" hostname="localhost">
  <properties>
    <property name="device" value="CPH2247 - 13" />
    <property name="flavor" value="" />
    <property name="project" value=":app" />
  </properties>
  <testcase name="testFragmentChange" classname="it.omarkiarafederico.skitracker.MyTest" time="2.662" />
</testsuite>