<?xml version="1.0" encoding="UTF-8"?>
<testsuite name="it.omarkiarafederico.skitracker.MyActivityTest" tests="1" skipped="0" failures="1" errors="0" timestamp="2023-05-31T15:40:11" hostname="LENOVOGAMING" time="0.103">
  <properties/>
  <testcase name="testDB" classname="it.omarkiarafederico.skitracker.MyActivityTest" time="0.103">
    <failure message="java.lang.RuntimeException: java.lang.ClassNotFoundException: couldn't load it.omarkiarafederico.skitracker.MyActivityTest" type="java.lang.RuntimeException">java.lang.RuntimeException: java.lang.ClassNotFoundException: couldn't load it.omarkiarafederico.skitracker.MyActivityTest
	at org.robolectric.internal.bytecode.Sandbox.bootstrappedClass(Sandbox.java:43)
	at org.robolectric.internal.SandboxTestRunner$2.lambda$evaluate$0(SandboxTestRunner.java:253)
	at org.robolectric.internal.bytecode.Sandbox.lambda$runOnMainThread$0(Sandbox.java:89)
	at java.base/java.util.concurrent.FutureTask.run(FutureTask.java:264)
	at java.base/java.util.concurrent.ThreadPoolExecutor.runWorker(ThreadPoolExecutor.java:1136)
	at java.base/java.util.concurrent.ThreadPoolExecutor$Worker.run(ThreadPoolExecutor.java:635)
	at java.base/java.lang.Thread.run(Thread.java:833)
Caused by: java.lang.ClassNotFoundException: couldn't load it.omarkiarafederico.skitracker.MyActivityTest
	at org.robolectric.internal.bytecode.SandboxClassLoader.maybeInstrumentClass(SandboxClassLoader.java:154)
	at org.robolectric.internal.bytecode.SandboxClassLoader.lambda$loadClass$0(SandboxClassLoader.java:126)
	at org.robolectric.util.PerfStatsCollector.measure(PerfStatsCollector.java:53)
	at org.robolectric.internal.bytecode.SandboxClassLoader.loadClass(SandboxClassLoader.java:126)
	at java.base/java.lang.ClassLoader.loadClass(ClassLoader.java:520)
	at org.robolectric.internal.bytecode.Sandbox.bootstrappedClass(Sandbox.java:41)
	... 6 more
Caused by: java.lang.IllegalArgumentException: Unsupported class file major version 61
	at org.objectweb.asm.ClassReader.&lt;init&gt;(ClassReader.java:189)
	at org.objectweb.asm.ClassReader.&lt;init&gt;(ClassReader.java:170)
	at org.objectweb.asm.ClassReader.&lt;init&gt;(ClassReader.java:156)
	at org.robolectric.internal.bytecode.ClassDetails.&lt;init&gt;(ClassDetails.java:29)
	at org.robolectric.internal.bytecode.SandboxClassLoader.maybeInstrumentClass(SandboxClassLoader.java:144)
	... 11 more
</failure>
  </testcase>
  <system-out><![CDATA[WARNING: No manifest file found at .\AndroidManifest.xml.
Falling back to the Android OS resources only.
To remove this warning, annotate your test class with @Config(manifest=Config.NONE).
]]></system-out>
  <system-err><![CDATA[No such manifest file: .\AndroidManifest.xml
]]></system-err>
</testsuite>
